vs: 3.4, 2017-10-04

1. robots.txt: comment
2. defs.j2: create separate vars for EMAIL and EMAIL_CV in order to correct bug in VCF files
3. defs.j2: renamed FULL_LINK macro to CV_FULL_LINK
4. defs.j2: PAGE_TITLE adds suffix Abbrev | Full
5. cv.md: use EMAIL_CV instead of EMAIL, and CV_FULL_LINK instead of FULL_LINK
6. cv.md: musings appendix A: about C11 and C99
7. cv.md: testing appendix C: replace efficient with effective
8. cv.md: testing appendix C: add password hash security tip
9. cv.md: viaccess: changed both full and abbrev description
10. cv.md: nds: added more meat to abbrev description
11. cv.md: contact info: HTML (easiest to read), and changed "this file" to "this version"

vs: 4.0, 2017-10-09

1. cv.md: summary: major: added a few more categories, and added a short list of companies to each category
2. cv.md: summary: incorporate last comment of 'it' section into default, regarding the importance of experience in core programming
    and architecture, thereby removing the need for an 'it' version/agent
3. cv.md: major: in order to shorten abbrev version a little bit, incorporated HTML_DETAILS_BEGIN/MID/END macros in jobs: 'viaccess', 'iscar'
4. cv.md: viaccess: fixed cpp vector preprocessor list item that was specified twice
5. cv.md: viaccess: modified explanation of no export DSO
6. cv.md: light-pen: minor editorial changes
7. cv.md: J2_CPP comment fixed up delimiter quoting
8. defs.j2: removed 'arm' and 'it' agents
9. defs.j2: new macros HTML_DETAILS_BEGIN/MID/END specific to ABBREV and WRITER == 'html5'
10. defs.j2: removed -Abbrev from title

vs: 4.0.1, 2017-10-09

1. cv.md: appendices A & B: corrected minor grammar mistakes

vs: 4.0.2, 2017-10-09

1. cv.md: summary: added fourfold link to VLSI CPU design category

vs: 4.0.3, 2017-10-09

1. cv.md: china trade: corrected major editing error

vs: 4.0.4, 2017-10-11

1. cv.md & defs.j2: title, subtitle, and summary: incorporated linkedin headline
2. cv.md: got rid of Scitex reference from Cubital
3. cv.md: viaccess: minor editing changes

vs: 4.1, 2017-10-16

1. cv.md: Appendix A: changed 'acceptability' to 'adoption'
2. cv.md: Colophon: added google analytics script exception,
and explicitly credited 'David Pogue' in the non-annoyment pledge
3. cv.md: made a single page 'tiny' abbreviated version
4. defs.j2: changed 'hammelburger' to 'tiny',
changed macros CV_FULL_LINK and added CV_LOCAL_LINK with 'tiny' specific variants
5. cv.md: virtouch: removed $ from Euro
6. cv.md: prolog: updated my photo and related footnote

vs: 4.1.1, 2017-11-09

1. cv.md: contact: changed US GV tel number from mobile to work
2. cv.md: summary: added durations to the major jobs
3. cv.md: appendix-programming-testable: peer code review
4. cv.md: colophon: updated WCAG declaration and non-annoyment pledge
